#
# There is insufficient memory for the Java Runtime Environment to continue.
# Native memory allocation (malloc) failed to allocate 1504976 bytes. Error detail: Chunk::new
# Possible reasons:
#   The system is out of physical RAM or swap space
#   This process is running with CompressedOops enabled, and the Java Heap may be blocking the growth of the native heap
# Possible solutions:
#   Reduce memory load on the system
#   Increase physical memory or swap space
#   Check if swap backing store is full
#   Decrease Java heap size (-Xmx/-Xms)
#   Decrease number of Java threads
#   Decrease Java thread stack sizes (-Xss)
#   Set larger code cache with -XX:ReservedCodeCacheSize=
#   JVM is running with Unscaled Compressed Oops mode in which the Java heap is
#     placed in the first 4GB address space. The Java Heap base address is the
#     maximum limit for the native heap growth. Please use -XX:HeapBaseMinAddress
#     to set the Java Heap base and to place the Java Heap above 4GB virtual address.
# This output file may be truncated or incomplete.
#
#  Out of Memory Error (arena.cpp:168), pid=4708, tid=28332
#
# JRE version: OpenJDK Runtime Environment Temurin-21.0.8+9 (21.0.8+9) (build 21.0.8+9-LTS)
# Java VM: OpenJDK 64-Bit Server VM Temurin-21.0.8+9 (21.0.8+9-LTS, mixed mode, sharing, tiered, compressed oops, compressed class ptrs, parallel gc, windows-amd64)
# No core dump will be written. Minidumps are not enabled by default on client versions of Windows
#

---------------  S U M M A R Y ------------

Command Line: --add-modules=ALL-SYSTEM --add-opens=java.base/java.util=ALL-UNNAMED --add-opens=java.base/java.lang=ALL-UNNAMED --add-opens=java.base/sun.nio.fs=ALL-UNNAMED -Declipse.application=org.eclipse.jdt.ls.core.id1 -Dosgi.bundles.defaultStartLevel=4 -Declipse.product=org.eclipse.jdt.ls.core.product -Djava.import.generatesMetadataFilesAtProjectRoot=false -DDetectVMInstallationsJob.disabled=true -Dfile.encoding=utf8 -XX:+UseParallelGC -XX:GCTimeRatio=4 -XX:AdaptiveSizePolicyWeight=90 -Dsun.zip.disableMemoryMapping=true -Xmx2G -Xms100m -Xlog:disable -javaagent:c:\Users\Canopus\.vscode\extensions\redhat.java-1.47.0-win32-x64\lombok\lombok-1.18.39-4050.jar -XX:+HeapDumpOnOutOfMemoryError -XX:HeapDumpPath=c:\Users\Canopus\AppData\Roaming\Code\User\workspaceStorage\1f9e6db2115de3e8d41c3b25443298f8\redhat.java -Daether.dependencyCollector.impl=bf c:\Users\Canopus\.vscode\extensions\redhat.java-1.47.0-win32-x64\server\plugins\org.eclipse.equinox.launcher_1.7.100.v20251014-1222.jar -configuration c:\Users\Canopus\AppData\Roaming\Code\User\globalStorage\redhat.java\1.47.0\config_win -data c:\Users\Canopus\AppData\Roaming\Code\User\workspaceStorage\1f9e6db2115de3e8d41c3b25443298f8\redhat.java\jdt_ws --pipe=\\.\pipe\lsp-75a64a39dec46278345ad70d66bb1efb-sock

Host: AMD Ryzen 7 5700U with Radeon Graphics         , 16 cores, 13G,  Windows 11 , 64 bit Build 26100 (10.0.26100.6725)
Time: Sat Nov 15 01:18:32 2025 Hora estándar del Este (México) elapsed time: 7.654219 seconds (0d 0h 0m 7s)

---------------  T H R E A D  ---------------

Current thread (0x0000024f77233b00):  JavaThread "C2 CompilerThread1" daemon [_thread_in_native, id=28332, stack(0x000000513d000000,0x000000513d100000) (1024K)]


Current CompileTask:
C2:7654 3327       4       java.lang.invoke.MethodType::makeImpl (109 bytes)

Stack: [0x000000513d000000,0x000000513d100000]
Native frames: (J=compiled Java code, j=interpreted, Vv=VM code, C=native code)
V  [jvm.dll+0x6d2449]
V  [jvm.dll+0x8ae341]
V  [jvm.dll+0x8b08be]
V  [jvm.dll+0x8b0fa3]
V  [jvm.dll+0x280c96]
V  [jvm.dll+0xc581d]
V  [jvm.dll+0xc5d53]
V  [jvm.dll+0x3b9162]
V  [jvm.dll+0x385315]
V  [jvm.dll+0x38477a]
V  [jvm.dll+0x248ed0]
V  [jvm.dll+0x2484af]
V  [jvm.dll+0x1c89ee]
V  [jvm.dll+0x257d4d]
V  [jvm.dll+0x2562ea]
V  [jvm.dll+0x3f2d16]
V  [jvm.dll+0x857e6b]
V  [jvm.dll+0x6d0b0d]
C  [ucrtbase.dll+0x37b0]
C  [KERNEL32.DLL+0x2e8d7]
C  [ntdll.dll+0x8c53c]


---------------  P R O C E S S  ---------------

Threads class SMR info:
_java_thread_list=0x0000024f77397190, length=25, elements={
0x0000024f173908e0, 0x0000024f17432f70, 0x0000024f17434b40, 0x0000024f17438e40,
0x0000024f1743bca0, 0x0000024f1743dd80, 0x0000024f1743fd30, 0x0000024f1744c090,
0x0000024f702b5f50, 0x0000024f703a91b0, 0x0000024f703b65a0, 0x0000024f703b8060,
0x0000024f70549be0, 0x0000024f760c9290, 0x0000024f76733b20, 0x0000024f769dda70,
0x0000024f769bd020, 0x0000024f769bf010, 0x0000024f76c4f6a0, 0x0000024f76f25740,
0x0000024f77102dc0, 0x0000024f77233b00, 0x0000024f772667f0, 0x0000024f772df3d0,
0x0000024f772dfa60
}

Java Threads: ( => current thread )
  0x0000024f173908e0 JavaThread "main"                              [_thread_blocked, id=24932, stack(0x000000513ad00000,0x000000513ae00000) (1024K)]
  0x0000024f17432f70 JavaThread "Reference Handler"          daemon [_thread_blocked, id=13744, stack(0x000000513b100000,0x000000513b200000) (1024K)]
  0x0000024f17434b40 JavaThread "Finalizer"                  daemon [_thread_blocked, id=21004, stack(0x000000513b200000,0x000000513b300000) (1024K)]
  0x0000024f17438e40 JavaThread "Signal Dispatcher"          daemon [_thread_blocked, id=10884, stack(0x000000513b300000,0x000000513b400000) (1024K)]
  0x0000024f1743bca0 JavaThread "Attach Listener"            daemon [_thread_blocked, id=21352, stack(0x000000513b400000,0x000000513b500000) (1024K)]
  0x0000024f1743dd80 JavaThread "Service Thread"             daemon [_thread_blocked, id=23872, stack(0x000000513b500000,0x000000513b600000) (1024K)]
  0x0000024f1743fd30 JavaThread "Monitor Deflation Thread"   daemon [_thread_blocked, id=18768, stack(0x000000513b600000,0x000000513b700000) (1024K)]
  0x0000024f1744c090 JavaThread "C2 CompilerThread0"         daemon [_thread_in_vm, id=21388, stack(0x000000513b700000,0x000000513b800000) (1024K)]
  0x0000024f702b5f50 JavaThread "C1 CompilerThread0"         daemon [_thread_in_vm, id=7908, stack(0x000000513b800000,0x000000513b900000) (1024K)]
  0x0000024f703a91b0 JavaThread "Common-Cleaner"             daemon [_thread_blocked, id=17876, stack(0x000000513b900000,0x000000513ba00000) (1024K)]
  0x0000024f703b65a0 JavaThread "C1 CompilerThread1"         daemon [_thread_blocked, id=7180, stack(0x000000513ba00000,0x000000513bb00000) (1024K)]
  0x0000024f703b8060 JavaThread "C1 CompilerThread2"         daemon [_thread_blocked, id=13968, stack(0x000000513bb00000,0x000000513bc00000) (1024K)]
  0x0000024f70549be0 JavaThread "C1 CompilerThread3"         daemon [_thread_blocked, id=10792, stack(0x000000513bd00000,0x000000513be00000) (1024K)]
  0x0000024f760c9290 JavaThread "Notification Thread"        daemon [_thread_blocked, id=21944, stack(0x000000513be00000,0x000000513bf00000) (1024K)]
  0x0000024f76733b20 JavaThread "Active Thread: Equinox Container: 152b03f9-0dab-4e12-a4a0-9618b4ddd6af"        [_thread_blocked, id=25628, stack(0x000000513bf00000,0x000000513c000000) (1024K)]
  0x0000024f769dda70 JavaThread "Refresh Thread: Equinox Container: 152b03f9-0dab-4e12-a4a0-9618b4ddd6af" daemon [_thread_blocked, id=1956, stack(0x000000513bc00000,0x000000513bd00000) (1024K)]
  0x0000024f769bd020 JavaThread "Framework Event Dispatcher: Equinox Container: 152b03f9-0dab-4e12-a4a0-9618b4ddd6af" daemon [_thread_blocked, id=19472, stack(0x000000513c700000,0x000000513c800000) (1024K)]
  0x0000024f769bf010 JavaThread "Start Level: Equinox Container: 152b03f9-0dab-4e12-a4a0-9618b4ddd6af" daemon [_thread_blocked, id=28540, stack(0x000000513c800000,0x000000513c900000) (1024K)]
  0x0000024f76c4f6a0 JavaThread "Bundle File Closer"         daemon [_thread_blocked, id=3604, stack(0x000000513ce00000,0x000000513cf00000) (1024K)]
  0x0000024f76f25740 JavaThread "SCR Component Actor"        daemon [_thread_blocked, id=27940, stack(0x000000513c900000,0x000000513ca00000) (1024K)]
  0x0000024f77102dc0 JavaThread "Worker-JM"                         [_thread_blocked, id=20956, stack(0x000000513d100000,0x000000513d200000) (1024K)]
=>0x0000024f77233b00 JavaThread "C2 CompilerThread1"         daemon [_thread_in_native, id=28332, stack(0x000000513d000000,0x000000513d100000) (1024K)]
  0x0000024f772667f0 JavaThread "JNA Cleaner"                daemon [_thread_blocked, id=2160, stack(0x000000513d200000,0x000000513d300000) (1024K)]
  0x0000024f772df3d0 JavaThread "Worker-0: Checking project encoding"        [_thread_blocked, id=12304, stack(0x000000513d300000,0x000000513d400000) (1024K)]
  0x0000024f772dfa60 JavaThread "Worker-1"                          [_thread_blocked, id=19984, stack(0x000000513d400000,0x000000513d500000) (1024K)]
Total: 25

Other Threads:
  0x0000024f17432ad0 VMThread "VM Thread"                           [id=5284, stack(0x000000513b000000,0x000000513b100000) (1024K)]
  0x0000024f2dd0ba00 WatcherThread "VM Periodic Task Thread"        [id=25192, stack(0x000000513af00000,0x000000513b000000) (1024K)]
  0x0000024f173af860 WorkerThread "GC Thread#0"                     [id=25172, stack(0x000000513ae00000,0x000000513af00000) (1024K)]
  0x0000024f76182d20 WorkerThread "GC Thread#1"                     [id=16540, stack(0x000000513c000000,0x000000513c100000) (1024K)]
  0x0000024f76707480 WorkerThread "GC Thread#2"                     [id=1364, stack(0x000000513c100000,0x000000513c200000) (1024K)]
  0x0000024f761834d0 WorkerThread "GC Thread#3"                     [id=21116, stack(0x000000513c200000,0x000000513c300000) (1024K)]
  0x0000024f767c4eb0 WorkerThread "GC Thread#4"                     [id=17900, stack(0x000000513c300000,0x000000513c400000) (1024K)]
  0x0000024f766c7cb0 WorkerThread "GC Thread#5"                     [id=24808, stack(0x000000513c400000,0x000000513c500000) (1024K)]
  0x0000024f761ce6c0 WorkerThread "GC Thread#6"                     [id=21604, stack(0x000000513c500000,0x000000513c600000) (1024K)]
  0x0000024f76586cd0 WorkerThread "GC Thread#7"                     [id=20896, stack(0x000000513c600000,0x000000513c700000) (1024K)]
  0x0000024f76a5c6a0 WorkerThread "GC Thread#8"                     [id=21720, stack(0x000000513cb00000,0x000000513cc00000) (1024K)]
  0x0000024f767a8d00 WorkerThread "GC Thread#9"                     [id=26820, stack(0x000000513cc00000,0x000000513cd00000) (1024K)]
  0x0000024f767a9b80 WorkerThread "GC Thread#10"                    [id=21404, stack(0x000000513cd00000,0x000000513ce00000) (1024K)]
  0x0000024f767a85c0 WorkerThread "GC Thread#11"                    [id=21768, stack(0x000000513ca00000,0x000000513cb00000) (1024K)]
  0x0000024f767a9f20 WorkerThread "GC Thread#12"                    [id=6628, stack(0x000000513cf00000,0x000000513d000000) (1024K)]
Total: 15

Threads with active compile tasks:
C2 CompilerThread0  7674 3738       4       java.lang.invoke.LambdaForm$BasicType::basicType (187 bytes)
C1 CompilerThread0  7674 3743   !   3       java.lang.invoke.LambdaForm::lambdaName (49 bytes)
C1 CompilerThread1  7674 3744       3       java.lang.invoke.InvokerBytecodeGenerator::classFilePrologue (64 bytes)
C1 CompilerThread2  7674 3737       3       java.lang.invoke.InvokerBytecodeGenerator::addMethod (725 bytes)
C2 CompilerThread1  7675 3327       4       java.lang.invoke.MethodType::makeImpl (109 bytes)
Total: 5

VM state: not at safepoint (normal execution)

VM Mutex/Monitor currently owned by a thread:  ([mutex/lock_event])
[0x00007fff08453fd8] MethodCompileQueue_lock - owner thread: 0x0000024f702b5f50
[0x00007fff08455358] CodeCache_lock - owner thread: 0x0000024f702b5f50
[0x00007fff084554d8] Compile_lock - owner thread: 0x0000024f702b5f50

Heap address: 0x0000000080000000, size: 2048 MB, Compressed Oops mode: 32-bit

CDS archive(s) mapped at: [0x0000024f2e000000-0x0000024f2eba0000-0x0000024f2eba0000), size 12189696, SharedBaseAddress: 0x0000024f2e000000, ArchiveRelocationMode: 1.
Compressed class space mapped at: 0x0000024f2f000000-0x0000024f6f000000, reserved size: 1073741824
Narrow klass base: 0x0000024f2e000000, Narrow klass shift: 0, Narrow klass range: 0x100000000

GC Precious Log:
 CardTable entry size: 512
 CPUs: 16 total, 16 available
 Memory: 14197M
 Large Page Support: Disabled
 NUMA Support: Disabled
 Compressed Oops: Enabled (32-bit)
 Alignments: Space 512K, Generation 512K, Heap 2M
 Heap Min Capacity: 100M
 Heap Initial Capacity: 100M
 Heap Max Capacity: 2G
 Pre-touch: Disabled
 Parallel Workers: 13

Heap:
 PSYoungGen      total 29184K, used 28036K [0x00000000d5580000, 0x00000000d7a00000, 0x0000000100000000)
  eden space 25088K, 95% used [0x00000000d5580000,0x00000000d6ce53c8,0x00000000d6e00000)
  from space 4096K, 99% used [0x00000000d6e80000,0x00000000d727be88,0x00000000d7280000)
  to   space 6144K, 0% used [0x00000000d7400000,0x00000000d7400000,0x00000000d7a00000)
 ParOldGen       total 68608K, used 7674K [0x0000000080000000, 0x0000000084300000, 0x00000000d5580000)
  object space 68608K, 11% used [0x0000000080000000,0x000000008077eb60,0x0000000084300000)
 Metaspace       used 18651K, committed 19456K, reserved 1114112K
  class space    used 1951K, committed 2304K, reserved 1048576K

Card table byte_map: [0x0000024f16d30000,0x0000024f17140000] _byte_map_base: 0x0000024f16930000

Marking Bits: (ParMarkBitMap*) 0x00007fff0845a340
 Begin Bits: [0x0000024f29830000, 0x0000024f2b830000)
 End Bits:   [0x0000024f2b830000, 0x0000024f2d830000)

Polling page: 0x0000024f151c0000

Metaspace:

Usage:
  Non-class:     16.31 MB used.
      Class:      1.91 MB used.
       Both:     18.21 MB used.

Virtual space:
  Non-class space:       64.00 MB reserved,      16.75 MB ( 26%) committed,  1 nodes.
      Class space:        1.00 GB reserved,       2.25 MB ( <1%) committed,  1 nodes.
             Both:        1.06 GB reserved,      19.00 MB (  2%) committed. 

Chunk freelists:
   Non-Class:  14.35 MB
       Class:  13.74 MB
        Both:  28.09 MB

MaxMetaspaceSize: unlimited
CompressedClassSpaceSize: 1.00 GB
Initial GC threshold: 21.00 MB
Current GC threshold: 21.00 MB
CDS: on
 - commit_granule_bytes: 65536.
 - commit_granule_words: 8192.
 - virtual_space_node_default_size: 8388608.
 - enlarge_chunks_in_place: 1.
 - use_allocation_guard: 0.


Internal statistics:

num_allocs_failed_limit: 0.
num_arena_births: 584.
num_arena_deaths: 0.
num_vsnodes_births: 2.
num_vsnodes_deaths: 0.
num_space_committed: 304.
num_space_uncommitted: 0.
num_chunks_returned_to_freelist: 0.
num_chunks_taken_from_freelist: 1296.
num_chunk_merges: 0.
num_chunk_splits: 820.
num_chunks_enlarged: 524.
num_inconsistent_stats: 0.

CodeHeap 'non-profiled nmethods': size=119168Kb used=1536Kb max_used=1536Kb free=117631Kb
 bounds [0x0000024f22120000, 0x0000024f22390000, 0x0000024f29580000]
CodeHeap 'profiled nmethods': size=119104Kb used=7871Kb max_used=7871Kb free=111232Kb
 bounds [0x0000024f1a580000, 0x0000024f1ad30000, 0x0000024f219d0000]
CodeHeap 'non-nmethods': size=7488Kb used=2967Kb max_used=2989Kb free=4520Kb
 bounds [0x0000024f219d0000, 0x0000024f21cc0000, 0x0000024f22120000]
CodeCache: size=245760Kb, used=12374Kb, max_used=12396Kb, free=233383Kb
 total_blobs=4294, nmethods=3737, adapters=460, full_count=0
Compilation: enabled, stopped_count=0, restarted_count=0

Compilation events (20 events):
Event: 5.885 Thread 0x0000024f70549be0 3510       3       org.objectweb.asm.MethodWriter::visitAbstractType (8 bytes)
Event: 5.885 Thread 0x0000024f703b65a0 nmethod 3509 0x0000024f1ac8b790 code [0x0000024f1ac8ba00, 0x0000024f1ac8c390]
Event: 5.885 Thread 0x0000024f70549be0 nmethod 3510 0x0000024f1ac8c610 code [0x0000024f1ac8c7c0, 0x0000024f1ac8c8f8]
Event: 5.887 Thread 0x0000024f703b65a0 3511       3       org.objectweb.asm.tree.MethodNode::visitMethodInsn (59 bytes)
Event: 5.887 Thread 0x0000024f703b8060 3512       3       org.objectweb.asm.tree.MethodInsnNode::<init> (28 bytes)
Event: 5.887 Thread 0x0000024f702b5f50 3513       3       org.objectweb.asm.SymbolTable::addConstantMethodref (24 bytes)
Event: 5.887 Thread 0x0000024f70549be0 3514       3       org.objectweb.asm.tree.MethodInsnNode::accept (30 bytes)
Event: 5.888 Thread 0x0000024f703b8060 nmethod 3512 0x0000024f1ac8ca10 code [0x0000024f1ac8cbc0, 0x0000024f1ac8cdd8]
Event: 5.888 Thread 0x0000024f70549be0 nmethod 3514 0x0000024f1ac8cf10 code [0x0000024f1ac8d0c0, 0x0000024f1ac8d308]
Event: 5.888 Thread 0x0000024f702b5f50 nmethod 3513 0x0000024f1ac8d410 code [0x0000024f1ac8d5c0, 0x0000024f1ac8d760]
Event: 5.888 Thread 0x0000024f703b8060 3517       3       org.objectweb.asm.SymbolTable::addType (81 bytes)
Event: 5.888 Thread 0x0000024f70549be0 3518       3       java.nio.HeapByteBuffer::byteOffset (7 bytes)
Event: 5.888 Thread 0x0000024f702b5f50 3519       3       java.nio.Buffer::nextGetIndex (32 bytes)
Event: 5.888 Thread 0x0000024f703b65a0 nmethod 3511 0x0000024f1ac8d810 code [0x0000024f1ac8da00, 0x0000024f1ac8de30]
Event: 5.888 Thread 0x0000024f703b65a0 3515       3       org.apache.aries.spifly.weaver.TCCLSetterVisitor$TCCLSetterMethodVisitor::visitMethodInsn (446 bytes)
Event: 5.888 Thread 0x0000024f70549be0 nmethod 3518 0x0000024f1ac8e010 code [0x0000024f1ac8e1a0, 0x0000024f1ac8e2b0]
Event: 5.888 Thread 0x0000024f70549be0 3516       3       org.objectweb.asm.MethodWriter::visitMethodInsn (191 bytes)
Event: 5.888 Thread 0x0000024f702b5f50 nmethod 3519 0x0000024f1ac8e310 code [0x0000024f1ac8e4c0, 0x0000024f1ac8e690]
Event: 5.888 Thread 0x0000024f703b8060 nmethod 3517 0x0000024f1ac8e790 code [0x0000024f1ac8e9a0, 0x0000024f1ac8eee0]
Event: 5.889 Thread 0x0000024f70549be0 nmethod 3516 0x0000024f1ac8f190 code [0x0000024f1ac8f3e0, 0x0000024f1ac8fb98]

GC Heap History (10 events):
Event: 1.044 GC heap before
{Heap before GC invocations=1 (full 0):
 PSYoungGen      total 29696K, used 25600K [0x00000000d5580000, 0x00000000d7680000, 0x0000000100000000)
  eden space 25600K, 100% used [0x00000000d5580000,0x00000000d6e80000,0x00000000d6e80000)
  from space 4096K, 0% used [0x00000000d7280000,0x00000000d7280000,0x00000000d7680000)
  to   space 4096K, 0% used [0x00000000d6e80000,0x00000000d6e80000,0x00000000d7280000)
 ParOldGen       total 68608K, used 0K [0x0000000080000000, 0x0000000084300000, 0x00000000d5580000)
  object space 68608K, 0% used [0x0000000080000000,0x0000000080000000,0x0000000084300000)
 Metaspace       used 4134K, committed 4416K, reserved 1114112K
  class space    used 451K, committed 576K, reserved 1048576K
}
Event: 1.050 GC heap after
{Heap after GC invocations=1 (full 0):
 PSYoungGen      total 29696K, used 3707K [0x00000000d5580000, 0x00000000d7680000, 0x0000000100000000)
  eden space 25600K, 0% used [0x00000000d5580000,0x00000000d5580000,0x00000000d6e80000)
  from space 4096K, 90% used [0x00000000d6e80000,0x00000000d721eff8,0x00000000d7280000)
  to   space 4096K, 0% used [0x00000000d7280000,0x00000000d7280000,0x00000000d7680000)
 ParOldGen       total 68608K, used 16K [0x0000000080000000, 0x0000000084300000, 0x00000000d5580000)
  object space 68608K, 0% used [0x0000000080000000,0x0000000080004000,0x0000000084300000)
 Metaspace       used 4134K, committed 4416K, reserved 1114112K
  class space    used 451K, committed 576K, reserved 1048576K
}
Event: 1.878 GC heap before
{Heap before GC invocations=2 (full 0):
 PSYoungGen      total 29696K, used 29307K [0x00000000d5580000, 0x00000000d7680000, 0x0000000100000000)
  eden space 25600K, 100% used [0x00000000d5580000,0x00000000d6e80000,0x00000000d6e80000)
  from space 4096K, 90% used [0x00000000d6e80000,0x00000000d721eff8,0x00000000d7280000)
  to   space 4096K, 0% used [0x00000000d7280000,0x00000000d7280000,0x00000000d7680000)
 ParOldGen       total 68608K, used 16K [0x0000000080000000, 0x0000000084300000, 0x00000000d5580000)
  object space 68608K, 0% used [0x0000000080000000,0x0000000080004000,0x0000000084300000)
 Metaspace       used 7782K, committed 8064K, reserved 1114112K
  class space    used 805K, committed 960K, reserved 1048576K
}
Event: 1.886 GC heap after
{Heap after GC invocations=2 (full 0):
 PSYoungGen      total 29696K, used 4090K [0x00000000d5580000, 0x00000000d7680000, 0x0000000100000000)
  eden space 25600K, 0% used [0x00000000d5580000,0x00000000d5580000,0x00000000d6e80000)
  from space 4096K, 99% used [0x00000000d7280000,0x00000000d767eb60,0x00000000d7680000)
  to   space 4096K, 0% used [0x00000000d6e80000,0x00000000d6e80000,0x00000000d7280000)
 ParOldGen       total 68608K, used 1694K [0x0000000080000000, 0x0000000084300000, 0x00000000d5580000)
  object space 68608K, 2% used [0x0000000080000000,0x00000000801a7830,0x0000000084300000)
 Metaspace       used 7782K, committed 8064K, reserved 1114112K
  class space    used 805K, committed 960K, reserved 1048576K
}
Event: 3.359 GC heap before
{Heap before GC invocations=3 (full 0):
 PSYoungGen      total 29696K, used 29690K [0x00000000d5580000, 0x00000000d7680000, 0x0000000100000000)
  eden space 25600K, 100% used [0x00000000d5580000,0x00000000d6e80000,0x00000000d6e80000)
  from space 4096K, 99% used [0x00000000d7280000,0x00000000d767eb60,0x00000000d7680000)
  to   space 4096K, 0% used [0x00000000d6e80000,0x00000000d6e80000,0x00000000d7280000)
 ParOldGen       total 68608K, used 1694K [0x0000000080000000, 0x0000000084300000, 0x00000000d5580000)
  object space 68608K, 2% used [0x0000000080000000,0x00000000801a7830,0x0000000084300000)
 Metaspace       used 9461K, committed 9792K, reserved 1114112K
  class space    used 1007K, committed 1152K, reserved 1048576K
}
Event: 3.367 GC heap after
{Heap after GC invocations=3 (full 0):
 PSYoungGen      total 29696K, used 4082K [0x00000000d5580000, 0x00000000d7680000, 0x0000000100000000)
  eden space 25600K, 0% used [0x00000000d5580000,0x00000000d5580000,0x00000000d6e80000)
  from space 4096K, 99% used [0x00000000d6e80000,0x00000000d727c988,0x00000000d7280000)
  to   space 4096K, 0% used [0x00000000d7280000,0x00000000d7280000,0x00000000d7680000)
 ParOldGen       total 68608K, used 3938K [0x0000000080000000, 0x0000000084300000, 0x00000000d5580000)
  object space 68608K, 5% used [0x0000000080000000,0x00000000803d8840,0x0000000084300000)
 Metaspace       used 9461K, committed 9792K, reserved 1114112K
  class space    used 1007K, committed 1152K, reserved 1048576K
}
Event: 4.448 GC heap before
{Heap before GC invocations=4 (full 0):
 PSYoungGen      total 29696K, used 29682K [0x00000000d5580000, 0x00000000d7680000, 0x0000000100000000)
  eden space 25600K, 100% used [0x00000000d5580000,0x00000000d6e80000,0x00000000d6e80000)
  from space 4096K, 99% used [0x00000000d6e80000,0x00000000d727c988,0x00000000d7280000)
  to   space 4096K, 0% used [0x00000000d7280000,0x00000000d7280000,0x00000000d7680000)
 ParOldGen       total 68608K, used 3938K [0x0000000080000000, 0x0000000084300000, 0x00000000d5580000)
  object space 68608K, 5% used [0x0000000080000000,0x00000000803d8840,0x0000000084300000)
 Metaspace       used 11691K, committed 12096K, reserved 1114112K
  class space    used 1231K, committed 1408K, reserved 1048576K
}
Event: 4.454 GC heap after
{Heap after GC invocations=4 (full 0):
 PSYoungGen      total 29696K, used 4083K [0x00000000d5580000, 0x00000000d7680000, 0x0000000100000000)
  eden space 25600K, 0% used [0x00000000d5580000,0x00000000d5580000,0x00000000d6e80000)
  from space 4096K, 99% used [0x00000000d7280000,0x00000000d767cf38,0x00000000d7680000)
  to   space 4096K, 0% used [0x00000000d6e80000,0x00000000d6e80000,0x00000000d7280000)
 ParOldGen       total 68608K, used 6221K [0x0000000080000000, 0x0000000084300000, 0x00000000d5580000)
  object space 68608K, 9% used [0x0000000080000000,0x00000000806137e0,0x0000000084300000)
 Metaspace       used 11691K, committed 12096K, reserved 1114112K
  class space    used 1231K, committed 1408K, reserved 1048576K
}
Event: 5.371 GC heap before
{Heap before GC invocations=5 (full 0):
 PSYoungGen      total 29696K, used 29683K [0x00000000d5580000, 0x00000000d7680000, 0x0000000100000000)
  eden space 25600K, 100% used [0x00000000d5580000,0x00000000d6e80000,0x00000000d6e80000)
  from space 4096K, 99% used [0x00000000d7280000,0x00000000d767cf38,0x00000000d7680000)
  to   space 4096K, 0% used [0x00000000d6e80000,0x00000000d6e80000,0x00000000d7280000)
 ParOldGen       total 68608K, used 6221K [0x0000000080000000, 0x0000000084300000, 0x00000000d5580000)
  object space 68608K, 9% used [0x0000000080000000,0x00000000806137e0,0x0000000084300000)
 Metaspace       used 15625K, committed 16256K, reserved 1114112K
  class space    used 1618K, committed 1920K, reserved 1048576K
}
Event: 5.376 GC heap after
{Heap after GC invocations=5 (full 0):
 PSYoungGen      total 29184K, used 4079K [0x00000000d5580000, 0x00000000d7a00000, 0x0000000100000000)
  eden space 25088K, 0% used [0x00000000d5580000,0x00000000d5580000,0x00000000d6e00000)
  from space 4096K, 99% used [0x00000000d6e80000,0x00000000d727be88,0x00000000d7280000)
  to   space 6144K, 0% used [0x00000000d7400000,0x00000000d7400000,0x00000000d7a00000)
 ParOldGen       total 68608K, used 7674K [0x0000000080000000, 0x0000000084300000, 0x00000000d5580000)
  object space 68608K, 11% used [0x0000000080000000,0x000000008077eb60,0x0000000084300000)
 Metaspace       used 15625K, committed 16256K, reserved 1114112K
  class space    used 1618K, committed 1920K, reserved 1048576K
}

Dll operation events (10 events):
Event: 0.023 Loaded shared library c:\Users\Canopus\.vscode\extensions\redhat.java-1.47.0-win32-x64\jre\21.0.8-win32-x86_64\bin\java.dll
Event: 0.116 Loaded shared library c:\Users\Canopus\.vscode\extensions\redhat.java-1.47.0-win32-x64\jre\21.0.8-win32-x86_64\bin\zip.dll
Event: 0.160 Loaded shared library C:\Users\Canopus\.vscode\extensions\redhat.java-1.47.0-win32-x64\jre\21.0.8-win32-x86_64\bin\instrument.dll
Event: 0.173 Loaded shared library C:\Users\Canopus\.vscode\extensions\redhat.java-1.47.0-win32-x64\jre\21.0.8-win32-x86_64\bin\net.dll
Event: 0.182 Loaded shared library C:\Users\Canopus\.vscode\extensions\redhat.java-1.47.0-win32-x64\jre\21.0.8-win32-x86_64\bin\nio.dll
Event: 0.192 Loaded shared library C:\Users\Canopus\.vscode\extensions\redhat.java-1.47.0-win32-x64\jre\21.0.8-win32-x86_64\bin\zip.dll
Event: 0.228 Loaded shared library C:\Users\Canopus\.vscode\extensions\redhat.java-1.47.0-win32-x64\jre\21.0.8-win32-x86_64\bin\jimage.dll
Event: 0.411 Loaded shared library c:\Users\Canopus\.vscode\extensions\redhat.java-1.47.0-win32-x64\jre\21.0.8-win32-x86_64\bin\verify.dll
Event: 2.495 Loaded shared library C:\Users\Canopus\AppData\Roaming\Code\User\globalStorage\redhat.java\1.47.0\config_win\org.eclipse.equinox.launcher\org.eclipse.equinox.launcher.win32.win32.x86_64_1.2.1400.v20250801-0854\eclipse_11916.dll
Event: 5.586 Loaded shared library C:\Users\Canopus\AppData\Local\Temp\jna--2079729681\jna6406503358072897776.dll

Deoptimization events (20 events):
Event: 5.440 Thread 0x0000024f769bf010 Uncommon trap: trap_request=0xffffff45 fr.pc=0x0000024f2219ee84 relative=0x00000000000005c4
Event: 5.440 Thread 0x0000024f769bf010 Uncommon trap: reason=unstable_if action=reinterpret pc=0x0000024f2219ee84 method=java.io.BufferedInputStream.implRead([BII)I @ 55 c2
Event: 5.440 Thread 0x0000024f769bf010 DEOPT PACKING pc=0x0000024f2219ee84 sp=0x000000513c8f8db0
Event: 5.440 Thread 0x0000024f769bf010 DEOPT UNPACKING pc=0x0000024f21a23aa2 sp=0x000000513c8f8d88 mode 2
Event: 5.469 Thread 0x0000024f769bf010 Uncommon trap: trap_request=0xffffff45 fr.pc=0x0000024f22159c9c relative=0x000000000000067c
Event: 5.469 Thread 0x0000024f769bf010 Uncommon trap: reason=unstable_if action=reinterpret pc=0x0000024f22159c9c method=java.lang.String.replace(Ljava/lang/CharSequence;Ljava/lang/CharSequence;)Ljava/lang/String; @ 42 c2
Event: 5.469 Thread 0x0000024f769bf010 DEOPT PACKING pc=0x0000024f22159c9c sp=0x000000513c8f7380
Event: 5.469 Thread 0x0000024f769bf010 DEOPT UNPACKING pc=0x0000024f21a23aa2 sp=0x000000513c8f7300 mode 2
Event: 5.644 Thread 0x0000024f769bf010 Uncommon trap: trap_request=0xffffffc6 fr.pc=0x0000024f221d7ba4 relative=0x0000000000000b44
Event: 5.644 Thread 0x0000024f769bf010 Uncommon trap: reason=bimorphic_or_optimized_type_check action=maybe_recompile pc=0x0000024f221d7ba4 method=java.util.HashMap.putVal(ILjava/lang/Object;Ljava/lang/Object;ZZ)Ljava/lang/Object; @ 91 c2
Event: 5.644 Thread 0x0000024f769bf010 DEOPT PACKING pc=0x0000024f221d7ba4 sp=0x000000513c8f7a40
Event: 5.645 Thread 0x0000024f769bf010 DEOPT UNPACKING pc=0x0000024f21a23aa2 sp=0x000000513c8f7968 mode 2
Event: 5.690 Thread 0x0000024f769bf010 Uncommon trap: trap_request=0xffffff45 fr.pc=0x0000024f22283ea4 relative=0x0000000000000084
Event: 5.690 Thread 0x0000024f769bf010 Uncommon trap: reason=unstable_if action=reinterpret pc=0x0000024f22283ea4 method=java.lang.ref.SoftReference.get()Ljava/lang/Object; @ 6 c2
Event: 5.690 Thread 0x0000024f769bf010 DEOPT PACKING pc=0x0000024f22283ea4 sp=0x000000513c8f9500
Event: 5.690 Thread 0x0000024f769bf010 DEOPT UNPACKING pc=0x0000024f21a23aa2 sp=0x000000513c8f9498 mode 2
Event: 5.761 Thread 0x0000024f769bf010 Uncommon trap: trap_request=0xffffff45 fr.pc=0x0000024f22243b10 relative=0x0000000000000070
Event: 5.761 Thread 0x0000024f769bf010 Uncommon trap: reason=unstable_if action=reinterpret pc=0x0000024f22243b10 method=java.lang.ref.ReferenceQueue.poll()Ljava/lang/ref/Reference; @ 4 c2
Event: 5.761 Thread 0x0000024f769bf010 DEOPT PACKING pc=0x0000024f22243b10 sp=0x000000513c8f2c70
Event: 5.761 Thread 0x0000024f769bf010 DEOPT UNPACKING pc=0x0000024f21a23aa2 sp=0x000000513c8f2bf8 mode 2

Classes loaded (20 events):
Event: 5.644 Loading class java/lang/Short$ShortCache
Event: 5.644 Loading class java/lang/Short$ShortCache done
Event: 5.680 Loading class java/util/function/LongUnaryOperator
Event: 5.680 Loading class java/util/function/LongUnaryOperator done
Event: 5.681 Loading class java/lang/ThreadDeath
Event: 5.681 Loading class java/lang/ThreadDeath done
Event: 5.696 Loading class java/util/stream/SortedOps$SizedRefSortingSink
Event: 5.696 Loading class java/util/stream/SortedOps$SizedRefSortingSink done
Event: 5.732 Loading class java/util/concurrent/atomic/Striped64$1
Event: 5.732 Loading class java/util/concurrent/atomic/Striped64$1 done
Event: 5.822 Loading class java/util/BitSet
Event: 5.823 Loading class java/util/BitSet done
Event: 5.847 Loading class sun/net/www/protocol/jrt/JavaRuntimeURLConnection
Event: 5.847 Loading class sun/net/www/protocol/jrt/JavaRuntimeURLConnection done
Event: 5.848 Loading class sun/net/www/protocol/jrt/JavaRuntimeURLConnection$1
Event: 5.848 Loading class sun/net/www/protocol/jrt/JavaRuntimeURLConnection$1 done
Event: 5.872 Loading class java/util/function/UnaryOperator
Event: 5.872 Loading class java/util/function/UnaryOperator done
Event: 5.873 Loading class java/util/ServiceConfigurationError
Event: 5.874 Loading class java/util/ServiceConfigurationError done

Classes unloaded (0 events):
No events

Classes redefined (0 events):
No events

Internal exceptions (20 events):
Event: 5.365 Thread 0x0000024f769bf010 Exception <a 'java/lang/NoSuchMethodError'{0x00000000d6e668e0}: 'java.lang.Object java.lang.invoke.DirectMethodHandle$Holder.newInvokeSpecial(java.lang.Object, java.lang.Object, java.lang.Object, java.lang.Object, java.lang.Object)'> (0x00000000d6e668e0) 
thrown [s\src\hotspot\share\interpreter\linkResolver.cpp, line 773]
Event: 5.421 Thread 0x0000024f769bf010 Exception <a 'java/lang/NoSuchMethodError'{0x00000000d5744aa0}: 'java.lang.Object java.lang.invoke.DirectMethodHandle$Holder.invokeStaticInit(java.lang.Object, int)'> (0x00000000d5744aa0) 
thrown [s\src\hotspot\share\interpreter\linkResolver.cpp, line 773]
Event: 5.474 Thread 0x0000024f769bf010 Exception <a 'java/lang/NoSuchMethodError'{0x00000000d59bfed8}: 'java.lang.Object java.lang.invoke.DirectMethodHandle$Holder.invokeStaticInit(java.lang.Object, int, int, int, int)'> (0x00000000d59bfed8) 
thrown [s\src\hotspot\share\interpreter\linkResolver.cpp, line 773]
Event: 5.532 Thread 0x0000024f769bf010 Exception <a 'java/lang/NoSuchMethodError'{0x00000000d5ad5f70}: 'java.lang.Object java.lang.invoke.DirectMethodHandle$Holder.invokeStaticInit(java.lang.Object, java.lang.Object, int, int, int, int)'> (0x00000000d5ad5f70) 
thrown [s\src\hotspot\share\interpreter\linkResolver.cpp, line 773]
Event: 5.618 Thread 0x0000024f769bf010 Exception <a 'java/lang/NoSuchMethodError'{0x00000000d5bed5f0}: 'void java.lang.invoke.DirectMethodHandle$Holder.invokeSpecial(java.lang.Object, java.lang.Object, java.lang.Object, int)'> (0x00000000d5bed5f0) 
thrown [s\src\hotspot\share\interpreter\linkResolver.cpp, line 773]
Event: 5.618 Thread 0x0000024f769bf010 Exception <a 'java/lang/NoSuchMethodError'{0x00000000d5bf0f80}: 'void java.lang.invoke.DelegatingMethodHandle$Holder.reinvoke_L(java.lang.Object, java.lang.Object, int)'> (0x00000000d5bf0f80) 
thrown [s\src\hotspot\share\interpreter\linkResolver.cpp, line 773]
Event: 5.619 Thread 0x0000024f769bf010 Exception <a 'java/lang/NoSuchMethodError'{0x00000000d5bf7c68}: 'int java.lang.invoke.Invokers$Holder.invokeExact_MT(java.lang.Object, java.lang.Object, java.lang.Object)'> (0x00000000d5bf7c68) 
thrown [s\src\hotspot\share\interpreter\linkResolver.cpp, line 773]
Event: 5.646 Thread 0x0000024f769bf010 Exception <a 'java/lang/NoSuchMethodError'{0x00000000d5d12ff0}: 'void java.lang.invoke.Invokers$Holder.invokeExact_MT(java.lang.Object, java.lang.Object, int, java.lang.Object)'> (0x00000000d5d12ff0) 
thrown [s\src\hotspot\share\interpreter\linkResolver.cpp, line 773]
Event: 5.676 Thread 0x0000024f769bf010 Exception <a 'java/lang/NoSuchMethodError'{0x00000000d5e1d698}: 'java.lang.Object java.lang.invoke.DirectMethodHandle$Holder.invokeSpecial(java.lang.Object, java.lang.Object, java.lang.Object, long, java.lang.Object)'> (0x00000000d5e1d698) 
thrown [s\src\hotspot\share\interpreter\linkResolver.cpp, line 773]
Event: 5.677 Thread 0x0000024f769bf010 Exception <a 'java/lang/NoSuchMethodError'{0x00000000d5e24ee0}: 'java.lang.Object java.lang.invoke.DirectMethodHandle$Holder.newInvokeSpecial(java.lang.Object, java.lang.Object, java.lang.Object, long)'> (0x00000000d5e24ee0) 
thrown [s\src\hotspot\share\interpreter\linkResolver.cpp, line 773]
Event: 5.678 Thread 0x0000024f769bf010 Exception <a 'java/lang/NoSuchMethodError'{0x00000000d5e292d0}: 'java.lang.Object java.lang.invoke.DirectMethodHandle$Holder.invokeSpecial(java.lang.Object, java.lang.Object, java.lang.Object, java.lang.Object, long)'> (0x00000000d5e292d0) 
thrown [s\src\hotspot\share\interpreter\linkResolver.cpp, line 773]
Event: 5.678 Thread 0x0000024f769bf010 Exception <a 'java/lang/NoSuchMethodError'{0x00000000d5e2cef0}: 'java.lang.Object java.lang.invoke.Invokers$Holder.linkToTargetMethod(java.lang.Object, java.lang.Object, long, java.lang.Object)'> (0x00000000d5e2cef0) 
thrown [s\src\hotspot\share\interpreter\linkResolver.cpp, line 773]
Event: 5.693 Thread 0x0000024f769bf010 Exception <a 'java/lang/NoSuchMethodError'{0x00000000d5e9f710}: 'int java.lang.invoke.DirectMethodHandle$Holder.invokeStaticInit(java.lang.Object, java.lang.Object, java.lang.Object)'> (0x00000000d5e9f710) 
thrown [s\src\hotspot\share\interpreter\linkResolver.cpp, line 773]
Event: 5.708 Thread 0x0000024f769bf010 Exception <a 'java/lang/IncompatibleClassChangeError'{0x00000000d5f4b9c0}: Found class java.lang.Object, but interface was expected> (0x00000000d5f4b9c0) 
thrown [s\src\hotspot\share\interpreter\linkResolver.cpp, line 840]
Event: 5.712 Thread 0x0000024f769bf010 Exception <a 'java/lang/NoSuchMethodError'{0x00000000d5f5aed0}: 'java.lang.Object java.lang.invoke.DirectMethodHandle$Holder.invokeSpecial(java.lang.Object, java.lang.Object, java.lang.Object, int, java.lang.Object, java.lang.Object)'> (0x00000000d5f5aed0) 
thrown [s\src\hotspot\share\interpreter\linkResolver.cpp, line 773]
Event: 5.712 Thread 0x0000024f769bf010 Exception <a 'java/lang/NoSuchMethodError'{0x00000000d5f628e8}: 'java.lang.Object java.lang.invoke.DirectMethodHandle$Holder.newInvokeSpecial(java.lang.Object, java.lang.Object, java.lang.Object, int, java.lang.Object)'> (0x00000000d5f628e8) 
thrown [s\src\hotspot\share\interpreter\linkResolver.cpp, line 773]
Event: 5.713 Thread 0x0000024f769bf010 Exception <a 'java/lang/NoSuchMethodError'{0x00000000d5f668a8}: 'java.lang.Object java.lang.invoke.DirectMethodHandle$Holder.invokeSpecial(java.lang.Object, java.lang.Object, java.lang.Object, java.lang.Object, int, java.lang.Object)'> (0x00000000d5f668a8) 
thrown [s\src\hotspot\share\interpreter\linkResolver.cpp, line 773]
Event: 5.713 Thread 0x0000024f769bf010 Exception <a 'java/lang/NoSuchMethodError'{0x00000000d5f6a3e8}: 'java.lang.Object java.lang.invoke.Invokers$Holder.linkToTargetMethod(java.lang.Object, java.lang.Object, int, java.lang.Object, java.lang.Object)'> (0x00000000d5f6a3e8) 
thrown [s\src\hotspot\share\interpreter\linkResolver.cpp, line 773]
Event: 5.714 Thread 0x0000024f772df3d0 Exception <a 'java/lang/NoSuchMethodError'{0x00000000d5e8dd48}: 'java.lang.Object java.lang.invoke.DirectMethodHandle$Holder.invokeSpecial(java.lang.Object, java.lang.Object, int, java.lang.Object, java.lang.Object)'> (0x00000000d5e8dd48) 
thrown [s\src\hotspot\share\interpreter\linkResolver.cpp, line 773]
Event: 5.737 Thread 0x0000024f769bf010 Exception <a 'java/lang/NoSuchMethodError'{0x00000000d60795a0}: 'void java.lang.invoke.DirectMethodHandle$Holder.invokeSpecial(java.lang.Object, java.lang.Object, java.lang.Object, java.lang.Object, java.lang.Object)'> (0x00000000d60795a0) 
thrown [s\src\hotspot\share\interpreter\linkResolver.cpp, line 773]

ZGC Phase Switch (0 events):
No events

VM Operations (20 events):
Event: 3.367 Executing VM operation: ParallelGCFailedAllocation (Allocation Failure) done
Event: 4.376 Executing VM operation: Cleanup
Event: 4.376 Executing VM operation: Cleanup done
Event: 4.427 Executing VM operation: HandshakeAllThreads (Deoptimize)
Event: 4.428 Executing VM operation: HandshakeAllThreads (Deoptimize) done
Event: 4.448 Executing VM operation: ParallelGCFailedAllocation (Allocation Failure)
Event: 4.454 Executing VM operation: ParallelGCFailedAllocation (Allocation Failure) done
Event: 5.142 Executing VM operation: ICBufferFull
Event: 5.142 Executing VM operation: ICBufferFull done
Event: 5.293 Executing VM operation: HandshakeAllThreads (Deoptimize)
Event: 5.293 Executing VM operation: HandshakeAllThreads (Deoptimize) done
Event: 5.371 Executing VM operation: ParallelGCFailedAllocation (Allocation Failure)
Event: 5.376 Executing VM operation: ParallelGCFailedAllocation (Allocation Failure) done
Event: 5.507 Executing VM operation: HandshakeAllThreads (Deoptimize)
Event: 5.507 Executing VM operation: HandshakeAllThreads (Deoptimize) done
Event: 5.602 Executing VM operation: HandshakeAllThreads (Deoptimize)
Event: 5.602 Executing VM operation: HandshakeAllThreads (Deoptimize) done
Event: 5.848 Executing VM operation: HandshakeAllThreads (Deoptimize)
Event: 5.849 Executing VM operation: HandshakeAllThreads (Deoptimize) done
Event: 6.863 Executing VM operation: Cleanup

Memory protections (0 events):
No events

Nmethod flushes (0 events):
No events

Events (20 events):
Event: 3.021 Thread 0x0000024f702b5f50 Thread added: 0x0000024f76949690
Event: 3.021 Thread 0x0000024f702b5f50 Thread added: 0x0000024f767aed80
Event: 3.190 Thread 0x0000024f767aed80 Thread exited: 0x0000024f767aed80
Event: 3.607 Thread 0x0000024f769bf010 Thread added: 0x0000024f76c4f6a0
Event: 3.697 Thread 0x0000024f76949690 Thread exited: 0x0000024f76949690
Event: 3.736 Thread 0x0000024f766359d0 Thread exited: 0x0000024f766359d0
Event: 4.411 Thread 0x0000024f769bf010 Thread added: 0x0000024f76f25740
Event: 4.534 Thread 0x0000024f70549be0 Thread added: 0x0000024f77101460
Event: 4.534 Thread 0x0000024f70549be0 Thread added: 0x0000024f77102720
Event: 4.534 Thread 0x0000024f70549be0 Thread added: 0x0000024f77102dc0
Event: 4.534 Thread 0x0000024f70549be0 Thread added: 0x0000024f7712c900
Event: 4.865 Thread 0x0000024f7712c900 Thread exited: 0x0000024f7712c900
Event: 4.910 Thread 0x0000024f77102dc0 Thread exited: 0x0000024f77102dc0
Event: 4.928 Thread 0x0000024f769bf010 Thread added: 0x0000024f77102dc0
Event: 5.003 Thread 0x0000024f77102720 Thread exited: 0x0000024f77102720
Event: 5.109 Thread 0x0000024f77101460 Thread exited: 0x0000024f77101460
Event: 5.512 Thread 0x0000024f1744c090 Thread added: 0x0000024f77233b00
Event: 5.628 Thread 0x0000024f769bf010 Thread added: 0x0000024f772667f0
Event: 5.684 Thread 0x0000024f769bf010 Thread added: 0x0000024f772df3d0
Event: 5.715 Thread 0x0000024f769bf010 Thread added: 0x0000024f772dfa60


Dynamic libraries:
0x00007ff6aca90000 - 0x00007ff6aca9e000 	c:\Users\Canopus\.vscode\extensions\redhat.java-1.47.0-win32-x64\jre\21.0.8-win32-x86_64\bin\java.exe
0x00007fffa8720000 - 0x00007fffa8988000 	C:\WINDOWS\SYSTEM32\ntdll.dll
0x00007fffa71a0000 - 0x00007fffa7269000 	C:\WINDOWS\System32\KERNEL32.DLL
0x00007fffa5ae0000 - 0x00007fffa5ed2000 	C:\WINDOWS\System32\KERNELBASE.dll
0x00007fffa5ee0000 - 0x00007fffa602b000 	C:\WINDOWS\System32\ucrtbase.dll
0x00007fff59e80000 - 0x00007fff59e98000 	c:\Users\Canopus\.vscode\extensions\redhat.java-1.47.0-win32-x64\jre\21.0.8-win32-x86_64\bin\jli.dll
0x00007fff59e30000 - 0x00007fff59e4e000 	c:\Users\Canopus\.vscode\extensions\redhat.java-1.47.0-win32-x64\jre\21.0.8-win32-x86_64\bin\VCRUNTIME140.dll
0x00007fffa8500000 - 0x00007fffa86c5000 	C:\WINDOWS\System32\USER32.dll
0x00007fffa6420000 - 0x00007fffa6447000 	C:\WINDOWS\System32\win32u.dll
0x00007fff7d400000 - 0x00007fff7d693000 	C:\WINDOWS\WinSxS\amd64_microsoft.windows.common-controls_6595b64144ccf1df_6.0.26100.6899_none_3e0efeeae32e88c1\COMCTL32.dll
0x00007fffa78e0000 - 0x00007fffa790b000 	C:\WINDOWS\System32\GDI32.dll
0x00007fffa8300000 - 0x00007fffa83a9000 	C:\WINDOWS\System32\msvcrt.dll
0x00007fffa6030000 - 0x00007fffa615d000 	C:\WINDOWS\System32\gdi32full.dll
0x00007fffa58b0000 - 0x00007fffa5953000 	C:\WINDOWS\System32\msvcp_win.dll
0x00007fffa6540000 - 0x00007fffa656f000 	C:\WINDOWS\System32\IMM32.DLL
0x00007fff60980000 - 0x00007fff6098c000 	c:\Users\Canopus\.vscode\extensions\redhat.java-1.47.0-win32-x64\jre\21.0.8-win32-x86_64\bin\vcruntime140_1.dll
0x00007fff29b50000 - 0x00007fff29bdd000 	c:\Users\Canopus\.vscode\extensions\redhat.java-1.47.0-win32-x64\jre\21.0.8-win32-x86_64\bin\msvcp140.dll
0x00007fff077a0000 - 0x00007fff08537000 	c:\Users\Canopus\.vscode\extensions\redhat.java-1.47.0-win32-x64\jre\21.0.8-win32-x86_64\bin\server\jvm.dll
0x00007fffa6580000 - 0x00007fffa6634000 	C:\WINDOWS\System32\ADVAPI32.dll
0x00007fffa7910000 - 0x00007fffa79b6000 	C:\WINDOWS\System32\sechost.dll
0x00007fffa6af0000 - 0x00007fffa6c08000 	C:\WINDOWS\System32\RPCRT4.dll
0x00007fffa8280000 - 0x00007fffa82f4000 	C:\WINDOWS\System32\WS2_32.dll
0x00007fff9f6d0000 - 0x00007fff9f6db000 	C:\WINDOWS\SYSTEM32\VERSION.dll
0x00007fffa5710000 - 0x00007fffa576e000 	C:\WINDOWS\SYSTEM32\POWRPROF.dll
0x00007fff9e470000 - 0x00007fff9e4a5000 	C:\WINDOWS\SYSTEM32\WINMM.dll
0x00007fffa56f0000 - 0x00007fffa5704000 	C:\WINDOWS\SYSTEM32\UMPDC.dll
0x00007fffa4680000 - 0x00007fffa469b000 	C:\WINDOWS\SYSTEM32\kernel.appcore.dll
0x00007fff5d510000 - 0x00007fff5d51a000 	c:\Users\Canopus\.vscode\extensions\redhat.java-1.47.0-win32-x64\jre\21.0.8-win32-x86_64\bin\jimage.dll
0x00007fff98090000 - 0x00007fff982d2000 	C:\WINDOWS\SYSTEM32\DBGHELP.DLL
0x00007fffa6d80000 - 0x00007fffa70fb000 	C:\WINDOWS\System32\combase.dll
0x00007fffa7800000 - 0x00007fffa78d7000 	C:\WINDOWS\System32\OLEAUT32.dll
0x00007fff97ed0000 - 0x00007fff97f0c000 	C:\WINDOWS\SYSTEM32\dbgcore.DLL
0x00007fffa6450000 - 0x00007fffa64e8000 	C:\WINDOWS\System32\bcryptPrimitives.dll
0x00007fff5bd80000 - 0x00007fff5bd8f000 	c:\Users\Canopus\.vscode\extensions\redhat.java-1.47.0-win32-x64\jre\21.0.8-win32-x86_64\bin\instrument.dll
0x00007fff59b50000 - 0x00007fff59b6f000 	c:\Users\Canopus\.vscode\extensions\redhat.java-1.47.0-win32-x64\jre\21.0.8-win32-x86_64\bin\java.dll
0x00007fffa79c0000 - 0x00007fffa810d000 	C:\WINDOWS\System32\SHELL32.dll
0x00007fffa6220000 - 0x00007fffa638b000 	C:\WINDOWS\System32\wintypes.dll
0x00007fffa3540000 - 0x00007fffa3d9d000 	C:\WINDOWS\SYSTEM32\windows.storage.dll
0x00007fffa6c80000 - 0x00007fffa6d72000 	C:\WINDOWS\System32\SHCORE.dll
0x00007fffa6c10000 - 0x00007fffa6c72000 	C:\WINDOWS\System32\shlwapi.dll
0x00007fffa57d0000 - 0x00007fffa57f9000 	C:\WINDOWS\SYSTEM32\profapi.dll
0x00007fff59150000 - 0x00007fff59168000 	c:\Users\Canopus\.vscode\extensions\redhat.java-1.47.0-win32-x64\jre\21.0.8-win32-x86_64\bin\zip.dll
0x00007fff5bc40000 - 0x00007fff5bc50000 	C:\Users\Canopus\.vscode\extensions\redhat.java-1.47.0-win32-x64\jre\21.0.8-win32-x86_64\bin\net.dll
0x00007fff9e930000 - 0x00007fff9ea4f000 	C:\WINDOWS\SYSTEM32\WINHTTP.dll
0x00007fffa4bf0000 - 0x00007fffa4c5b000 	C:\WINDOWS\system32\mswsock.dll
0x00007fff584b0000 - 0x00007fff584c6000 	C:\Users\Canopus\.vscode\extensions\redhat.java-1.47.0-win32-x64\jre\21.0.8-win32-x86_64\bin\nio.dll
0x00007fff5b960000 - 0x00007fff5b970000 	c:\Users\Canopus\.vscode\extensions\redhat.java-1.47.0-win32-x64\jre\21.0.8-win32-x86_64\bin\verify.dll
0x00007fff5a170000 - 0x00007fff5a1b4000 	C:\Users\Canopus\AppData\Roaming\Code\User\globalStorage\redhat.java\1.47.0\config_win\org.eclipse.equinox.launcher\org.eclipse.equinox.launcher.win32.win32.x86_64_1.2.1400.v20250801-0854\eclipse_11916.dll
0x00007fffa6920000 - 0x00007fffa6ab8000 	C:\WINDOWS\System32\ole32.dll
0x00007fffa4eb0000 - 0x00007fffa4ecb000 	C:\WINDOWS\SYSTEM32\CRYPTSP.dll
0x00007fffa45e0000 - 0x00007fffa461b000 	C:\WINDOWS\system32\rsaenh.dll
0x00007fffa4c90000 - 0x00007fffa4cbb000 	C:\WINDOWS\SYSTEM32\USERENV.dll
0x00007fffa57a0000 - 0x00007fffa57c6000 	C:\WINDOWS\SYSTEM32\bcrypt.dll
0x00007fffa4ea0000 - 0x00007fffa4eac000 	C:\WINDOWS\SYSTEM32\CRYPTBASE.dll
0x00007fffa40f0000 - 0x00007fffa4124000 	C:\WINDOWS\SYSTEM32\IPHLPAPI.DLL
0x00007fffa86d0000 - 0x00007fffa86da000 	C:\WINDOWS\System32\NSI.dll
0x00007fff29800000 - 0x00007fff29849000 	C:\Users\Canopus\AppData\Local\Temp\jna--2079729681\jna6406503358072897776.dll
0x00007fffa77f0000 - 0x00007fffa77f8000 	C:\WINDOWS\System32\PSAPI.DLL

JVMTI agents:
c:\Users\Canopus\.vscode\extensions\redhat.java-1.47.0-win32-x64\lombok\lombok-1.18.39-4050.jar path:c:\Users\Canopus\.vscode\extensions\redhat.java-1.47.0-win32-x64\jre\21.0.8-win32-x86_64\bin\instrument.dll, loaded, initialized, instrumentlib options:none

dbghelp: loaded successfully - version: 4.0.5 - missing functions: none
symbol engine: initialized successfully - sym options: 0x614 - pdb path: .;c:\Users\Canopus\.vscode\extensions\redhat.java-1.47.0-win32-x64\jre\21.0.8-win32-x86_64\bin;C:\WINDOWS\SYSTEM32;C:\WINDOWS\WinSxS\amd64_microsoft.windows.common-controls_6595b64144ccf1df_6.0.26100.6899_none_3e0efeeae32e88c1;c:\Users\Canopus\.vscode\extensions\redhat.java-1.47.0-win32-x64\jre\21.0.8-win32-x86_64\bin\server;C:\Users\Canopus\AppData\Roaming\Code\User\globalStorage\redhat.java\1.47.0\config_win\org.eclipse.equinox.launcher\org.eclipse.equinox.launcher.win32.win32.x86_64_1.2.1400.v20250801-0854;C:\Users\Canopus\AppData\Local\Temp\jna--2079729681

VM Arguments:
jvm_args: --add-modules=ALL-SYSTEM --add-opens=java.base/java.util=ALL-UNNAMED --add-opens=java.base/java.lang=ALL-UNNAMED --add-opens=java.base/sun.nio.fs=ALL-UNNAMED -Declipse.application=org.eclipse.jdt.ls.core.id1 -Dosgi.bundles.defaultStartLevel=4 -Declipse.product=org.eclipse.jdt.ls.core.product -Djava.import.generatesMetadataFilesAtProjectRoot=false -DDetectVMInstallationsJob.disabled=true -Dfile.encoding=utf8 -XX:+UseParallelGC -XX:GCTimeRatio=4 -XX:AdaptiveSizePolicyWeight=90 -Dsun.zip.disableMemoryMapping=true -Xmx2G -Xms100m -Xlog:disable -javaagent:c:\Users\Canopus\.vscode\extensions\redhat.java-1.47.0-win32-x64\lombok\lombok-1.18.39-4050.jar -XX:+HeapDumpOnOutOfMemoryError -XX:HeapDumpPath=c:\Users\Canopus\AppData\Roaming\Code\User\workspaceStorage\1f9e6db2115de3e8d41c3b25443298f8\redhat.java -Daether.dependencyCollector.impl=bf 
java_command: c:\Users\Canopus\.vscode\extensions\redhat.java-1.47.0-win32-x64\server\plugins\org.eclipse.equinox.launcher_1.7.100.v20251014-1222.jar -configuration c:\Users\Canopus\AppData\Roaming\Code\User\globalStorage\redhat.java\1.47.0\config_win -data c:\Users\Canopus\AppData\Roaming\Code\User\workspaceStorage\1f9e6db2115de3e8d41c3b25443298f8\redhat.java\jdt_ws --pipe=\\.\pipe\lsp-75a64a39dec46278345ad70d66bb1efb-sock
java_class_path (initial): c:\Users\Canopus\.vscode\extensions\redhat.java-1.47.0-win32-x64\server\plugins\org.eclipse.equinox.launcher_1.7.100.v20251014-1222.jar
Launcher Type: SUN_STANDARD

[Global flags]
    uintx AdaptiveSizePolicyWeight                 = 90                                        {product} {command line}
     intx CICompilerCount                          = 12                                        {product} {ergonomic}
    uintx GCTimeRatio                              = 4                                         {product} {command line}
     bool HeapDumpOnOutOfMemoryError               = true                                   {manageable} {command line}
    ccstr HeapDumpPath                             = c:\Users\Canopus\AppData\Roaming\Code\User\workspaceStorage\1f9e6db2115de3e8d41c3b25443298f8\redhat.java         {manageable} {command line}
   size_t InitialHeapSize                          = 104857600                                 {product} {command line}
   size_t MaxHeapSize                              = 2147483648                                {product} {command line}
   size_t MaxNewSize                               = 715653120                                 {product} {ergonomic}
   size_t MinHeapDeltaBytes                        = 524288                                    {product} {ergonomic}
   size_t MinHeapSize                              = 104857600                                 {product} {command line}
   size_t NewSize                                  = 34603008                                  {product} {ergonomic}
    uintx NonNMethodCodeHeapSize                   = 7602480                                {pd product} {ergonomic}
    uintx NonProfiledCodeHeapSize                  = 122027880                              {pd product} {ergonomic}
   size_t OldSize                                  = 70254592                                  {product} {ergonomic}
    uintx ProfiledCodeHeapSize                     = 122027880                              {pd product} {ergonomic}
    uintx ReservedCodeCacheSize                    = 251658240                              {pd product} {ergonomic}
     bool SegmentedCodeCache                       = true                                      {product} {ergonomic}
   size_t SoftMaxHeapSize                          = 2147483648                             {manageable} {ergonomic}
     bool UseCompressedOops                        = true                           {product lp64_product} {ergonomic}
     bool UseLargePagesIndividualAllocation        = false                                  {pd product} {ergonomic}
     bool UseParallelGC                            = true                                      {product} {command line}

Logging:
Log output configuration:
 #0: stdout all=off uptime,level,tags foldmultilines=false
 #1: stderr all=off uptime,level,tags foldmultilines=false

Environment Variables:
JAVA_HOME=C:\Program Files\Java\jdk-20
CLASSPATH=D:\LINGO64_21\Lingo21.jar
PATH=C:\Python314\Scripts\;C:\Python314\;C:\Program Files\Common Files\Oracle\Java\javapath;D:\VMware Workstation Player\bin\;C:\Program Files (x86)\Common Files\Oracle\Java\javapath;C:\WINDOWS\system32;C:\WINDOWS;C:\WINDOWS\System32\Wbem;C:\WINDOWS\System32\WindowsPowerShell\v1.0\;C:\WINDOWS\System32\OpenSSH\;D:\Git\cmd;C:\Program Files\Java\jdk-20\bin;C:\Program Files\Calibre2\;C:\Program Files (x86)\Microsoft SQL Server\160\Tools\Binn\;C:\Program Files\Microsoft SQL Server\160\Tools\Binn\;C:\Program Files\Microsoft SQL Server\Client SDK\ODBC\170\Tools\Binn\;C:\Program Files\Microsoft SQL Server\160\DTS\Binn\;C:\Program Files\Azure Data Studio\bin;C:\Program Files (x86)\Microsoft SQL Server\160\DTS\Binn\;C:\xampp\php;D:\LINGO64_21\;C:\Program Files\Docker\Docker\resources\bin;C:\Program Files\GitHub CLI\;C:\Program Files\nodejs\;C:\ProgramData\chocolatey\bin;C:\Program Files\MySQL\MySQL Shell 8.0\bin\;C:\Users\Canopus\AppData\Local\Programs\Python\Python312\Scripts\;C:\Users\Canopus\AppData\Local\Programs\Python\Python312\;C:\Users\Canopus\AppData\Local\Microsoft\WindowsApps;D:\Visual Studio Code\bin;C:\Program Files\Azure Data Studio\bin;C:\Users\Canopus\AppData\Local\Programs\cursor\resources\app\bin;C:\Users\Canopus\AppData\Local\GitHubDesktop\bin;C:\Users\Canopus\AppData\Roaming\Python\Scripts;C:\Users\Canopus\AppData\Roaming\Python\Python312\Scripts;D:\Git\git-bash.exe;C:\ProgramData\Microsoft\Windows\Start Menu\Programs\Git\Git Bash.lnk;C:\Users\Canopus\AppData\Roaming\npm\opencode.cmd;D:\mplayer-svn-38151-x86_64-d;C:\Users\Canopus\AppData\Roaming\Programs\Zero Install;C:\Users\Canopus\AppData\Roaming\npm
USERNAME=Canopus
OS=Windows_NT
PROCESSOR_IDENTIFIER=AMD64 Family 23 Model 104 Stepping 1, AuthenticAMD
TMP=C:\Users\Canopus\AppData\Local\Temp
TEMP=C:\Users\Canopus\AppData\Local\Temp




Periodic native trim disabled

---------------  S Y S T E M  ---------------

OS:
 Windows 11 , 64 bit Build 26100 (10.0.26100.6725)
OS uptime: 0 days 4:48 hours

CPU: total 16 (initial active 16) (16 cores per cpu, 2 threads per core) family 23 model 104 stepping 1 microcode 0x8608102, cx8, cmov, fxsr, ht, mmx, 3dnowpref, sse, sse2, sse3, ssse3, sse4a, sse4.1, sse4.2, popcnt, lzcnt, tsc, tscinvbit, avx, avx2, aes, clmul, bmi1, bmi2, adx, sha, fma, vzeroupper, clflush, clflushopt, rdtscp, rdpid, f16c
Processor Information for the first 16 processors :
  Max Mhz: 1801, Current Mhz: 1801, Mhz Limit: 1801

Memory: 4k page, system-wide physical 14197M (1393M free)
TotalPageFile size 24197M (AvailPageFile size 13M)
current process WorkingSet (physical memory assigned to process): 141M, peak: 141M
current process commit charge ("private bytes"): 297M, peak: 297M

vm_info: OpenJDK 64-Bit Server VM (21.0.8+9-LTS) for windows-amd64 JRE (21.0.8+9-LTS), built on 2025-07-15T00:00:00Z by "admin" with MS VC++ 17.7 (VS2022)

END.
